0 info it worked if it ends with ok
1 verbose cli [ '/usr/local/bin/node', '/usr/local/bin/npm', 'publish' ]
2 info using npm@2.14.7
3 info using node@v4.2.2
4 verbose publish [ '.' ]
5 silly cache add args [ '.', null ]
6 verbose cache add spec .
7 silly cache add parsed spec Result {
7 silly cache add   raw: '.',
7 silly cache add   scope: null,
7 silly cache add   name: null,
7 silly cache add   rawSpec: '.',
7 silly cache add   spec: '/Users/Jess/Envs/GitLabClient',
7 silly cache add   type: 'directory' }
8 verbose addLocalDirectory /Users/Jess/.npm/GitLabClient/0.0.1/package.tgz not in flight; packing
9 verbose tar pack [ '/Users/Jess/.npm/GitLabClient/0.0.1/package.tgz',
9 verbose tar pack   '/Users/Jess/Envs/GitLabClient' ]
10 verbose tarball /Users/Jess/.npm/GitLabClient/0.0.1/package.tgz
11 verbose folder /Users/Jess/Envs/GitLabClient
12 info prepublish GitLabClient@0.0.1
13 verbose addLocalTarball adding from inside cache /Users/Jess/.npm/GitLabClient/0.0.1/package.tgz
14 silly cache afterAdd GitLabClient@0.0.1
15 verbose afterAdd /Users/Jess/.npm/GitLabClient/0.0.1/package/package.json not in flight; writing
16 verbose afterAdd /Users/Jess/.npm/GitLabClient/0.0.1/package/package.json written
17 silly publish { name: 'GitLabClient',
17 silly publish   version: '0.0.1',
17 silly publish   homepage: 'https://github.com/simonwillcock/GitLabClient',
17 silly publish   author: { name: 'Simon Willcock' },
17 silly publish   repository:
17 silly publish    { type: 'git',
17 silly publish      url: 'git+https://github.com/simonwillcock/GitLabClient.git' },
17 silly publish   scripts: { test: 'grunt coverage' },
17 silly publish   config: { blanket: { pattern: [Object] } },
17 silly publish   dependencies: {},
17 silly publish   devDependencies:
17 silly publish    { coveralls: '^2.11.4',
17 silly publish      grunt: '^0.4.5',
17 silly publish      'grunt-contrib-clean': '^0.7.0',
17 silly publish      'grunt-contrib-concat': '~0.3.0',
17 silly publish      'grunt-contrib-jshint': '~0.6.0',
17 silly publish      'grunt-contrib-uglify': '~0.2.2',
17 silly publish      'grunt-contrib-watch': '~0.4.4',
17 silly publish      'grunt-mocha-istanbul': '^3.0.1',
17 silly publish      'grunt-mocha-phantomjs': '^2.0.1',
17 silly publish      istanbul: '^0.4.0',
17 silly publish      jquery: '2.x',
17 silly publish      jsdom: '^7.0.2',
17 silly publish      matchdep: '~0.1.2',
17 silly publish      mocha: '^2.3.4',
17 silly publish      'mocha-jsdom': '^1.0.0',
17 silly publish      sinon: '^1.17.2' },
17 silly publish   readme: '# GitLabClient\n\n[![Build Status](https://secure.travis-ci.org/simonwillcock/GitLabClient.png?branch=master)](http://travis-ci.org/simonwillcock/GitLabClient)\n[![Coverage Status](https://coveralls.io/repos/simonwillcock/GitLabClient/badge.svg?branch=master&service=github)](https://coveralls.io/github/simonwillcock/GitLabClient?branch=master)',
17 silly publish   readmeFilename: 'README.md',
17 silly publish   gitHead: '7935967473d76fffdfd878d9e77dcd08b2b3438b',
17 silly publish   description: '[![Build Status](https://secure.travis-ci.org/simonwillcock/GitLabClient.png?branch=master)](http://travis-ci.org/simonwillcock/GitLabClient) [![Coverage Status](https://coveralls.io/repos/simonwillcock/GitLabClient/badge.svg?branch=master&service=github)](https://coveralls.io/github/simonwillcock/GitLabClient?branch=master)',
17 silly publish   bugs: { url: 'https://github.com/simonwillcock/GitLabClient/issues' },
17 silly publish   _id: 'GitLabClient@0.0.1',
17 silly publish   _shasum: '72307c6e149401ccbe0229c10998de214b9fcb37',
17 silly publish   _from: '.' }
18 verbose getPublishConfig undefined
19 silly mapToRegistry name GitLabClient
20 silly mapToRegistry using default registry
21 silly mapToRegistry registry https://registry.npmjs.org/
22 silly mapToRegistry uri https://registry.npmjs.org/GitLabClient
23 verbose publish registryBase https://registry.npmjs.org/
24 silly publish uploading /Users/Jess/.npm/GitLabClient/0.0.1/package.tgz
25 verbose request uri https://registry.npmjs.org/GitLabClient
26 verbose request sending authorization for write operation
27 info attempt registry request try #1 at 11:18:08 PM
28 verbose request using bearer token for auth
29 verbose request id 373ce1ac46c72238
30 http request PUT https://registry.npmjs.org/GitLabClient
31 http 400 https://registry.npmjs.org/GitLabClient
32 verbose headers { 'content-type': 'application/json',
32 verbose headers   'cache-control': 'max-age=60',
32 verbose headers   'content-length': '54',
32 verbose headers   'accept-ranges': 'bytes',
32 verbose headers   date: 'Mon, 23 Nov 2015 12:18:09 GMT',
32 verbose headers   via: '1.1 varnish',
32 verbose headers   connection: 'keep-alive',
32 verbose headers   'x-served-by': 'cache-syd1622-SYD',
32 verbose headers   'x-cache': 'MISS',
32 verbose headers   'x-cache-hits': '0',
32 verbose headers   'x-timer': 'S1448281088.884703,VS0,VE734' }
33 verbose request invalidating /Users/Jess/.npm/registry.npmjs.org/GitLabClient on PUT
34 error publish Failed PUT 400
35 verbose stack Error: name can no longer contain capital letters : GitLabClient
35 verbose stack     at makeError (/usr/local/lib/node_modules/npm/node_modules/npm-registry-client/lib/request.js:264:12)
35 verbose stack     at CachingRegistryClient.<anonymous> (/usr/local/lib/node_modules/npm/node_modules/npm-registry-client/lib/request.js:252:14)
35 verbose stack     at Request._callback (/usr/local/lib/node_modules/npm/node_modules/npm-registry-client/lib/request.js:172:14)
35 verbose stack     at Request.self.callback (/usr/local/lib/node_modules/npm/node_modules/request/request.js:198:22)
35 verbose stack     at emitTwo (events.js:87:13)
35 verbose stack     at Request.emit (events.js:172:7)
35 verbose stack     at Request.<anonymous> (/usr/local/lib/node_modules/npm/node_modules/request/request.js:1063:14)
35 verbose stack     at emitOne (events.js:82:20)
35 verbose stack     at Request.emit (events.js:169:7)
35 verbose stack     at IncomingMessage.<anonymous> (/usr/local/lib/node_modules/npm/node_modules/request/request.js:1009:12)
36 verbose statusCode 400
37 verbose pkgid GitLabClient
38 verbose cwd /Users/Jess/Envs/GitLabClient
39 error Darwin 15.0.0
40 error argv "/usr/local/bin/node" "/usr/local/bin/npm" "publish"
41 error node v4.2.2
42 error npm  v2.14.7
43 error code E400
44 error name can no longer contain capital letters : GitLabClient
45 error If you need help, you may report this error at:
45 error     <https://github.com/npm/npm/issues>
46 verbose exit [ 1, true ]
